-------------------------------------------------------------------------------
Test set: com.hoangminh.HoangMinhWebApplicationTests
-------------------------------------------------------------------------------
Tests run: 1, Failures: 0, Errors: 1, Skipped: 0, Time elapsed: 5.917 s <<< FAILURE! - in com.hoangminh.HoangMinhWebApplicationTests
contextLoads  Time elapsed: 0.001 s  <<< ERROR!
java.lang.IllegalStateException: Failed to load ApplicationContext for [WebMergedContextConfiguration@1677f98b testClass = com.hoangminh.HoangMinhWebApplicationTests, locations = [], classes = [com.hoangminh.HoangMinhWebApplication], contextInitializerClasses = [], activeProfiles = [], propertySourceLocations = [], propertySourceProperties = ["org.springframework.boot.test.context.SpringBootTestContextBootstrapper=true"], contextCustomizers = [org.springframework.boot.test.context.filter.ExcludeFilterContextCustomizer@576d5deb, org.springframework.boot.test.json.DuplicateJsonObjectContextCustomizerFactory$DuplicateJsonObjectContextCustomizer@a38c7fe, org.springframework.boot.test.mock.mockito.MockitoContextCustomizer@0, org.springframework.boot.test.web.client.TestRestTemplateContextCustomizer@1ffaf86, org.springframework.boot.test.autoconfigure.actuate.observability.ObservabilityContextCustomizerFactory$DisableObservabilityContextCustomizer@9da1, org.springframework.boot.test.autoconfigure.properties.PropertyMappingContextCustomizer@0, org.springframework.boot.test.autoconfigure.web.servlet.WebDriverContextCustomizerFactory$Customizer@7d0b7e3c, org.springframework.boot.test.context.SpringBootTestAnnotation@51e2b707], resourceBasePath = "src/main/webapp", contextLoader = org.springframework.boot.test.context.SpringBootContextLoader, parent = null]
Caused by: org.springframework.beans.factory.UnsatisfiedDependencyException: Error creating bean with name '/user': Unsatisfied dependency expressed through field 'userService': Error creating bean with name 'userServiceImpl': Unsatisfied dependency expressed through field 'userRepository': Error creating bean with name 'userRepository' defined in com.hoangminh.repository.UserRepository defined in @EnableJpaRepositories declared on JpaRepositoriesRegistrar.EnableJpaRepositoriesConfiguration: Could not create query for public abstract java.util.Optional com.hoangminh.repository.UserRepository.findById(java.lang.Long); Reason: Validation failed for query for method public abstract java.util.Optional com.hoangminh.repository.UserRepository.findById(java.lang.Long)
Caused by: org.springframework.beans.factory.UnsatisfiedDependencyException: Error creating bean with name 'userServiceImpl': Unsatisfied dependency expressed through field 'userRepository': Error creating bean with name 'userRepository' defined in com.hoangminh.repository.UserRepository defined in @EnableJpaRepositories declared on JpaRepositoriesRegistrar.EnableJpaRepositoriesConfiguration: Could not create query for public abstract java.util.Optional com.hoangminh.repository.UserRepository.findById(java.lang.Long); Reason: Validation failed for query for method public abstract java.util.Optional com.hoangminh.repository.UserRepository.findById(java.lang.Long)
Caused by: org.springframework.beans.factory.BeanCreationException: Error creating bean with name 'userRepository' defined in com.hoangminh.repository.UserRepository defined in @EnableJpaRepositories declared on JpaRepositoriesRegistrar.EnableJpaRepositoriesConfiguration: Could not create query for public abstract java.util.Optional com.hoangminh.repository.UserRepository.findById(java.lang.Long); Reason: Validation failed for query for method public abstract java.util.Optional com.hoangminh.repository.UserRepository.findById(java.lang.Long)
Caused by: org.springframework.data.repository.query.QueryCreationException: Could not create query for public abstract java.util.Optional com.hoangminh.repository.UserRepository.findById(java.lang.Long); Reason: Validation failed for query for method public abstract java.util.Optional com.hoangminh.repository.UserRepository.findById(java.lang.Long)
Caused by: java.lang.IllegalArgumentException: Validation failed for query for method public abstract java.util.Optional com.hoangminh.repository.UserRepository.findById(java.lang.Long)
Caused by: java.lang.IllegalArgumentException: org.hibernate.query.sqm.UnknownEntityException: Could not resolve root entity 'user'
Caused by: org.hibernate.query.sqm.UnknownEntityException: Could not resolve root entity 'user'

